TN:
SF:src\App.js
FN:28,(anonymous_0)
FN:32,(anonymous_1)
FN:33,(anonymous_2)
FNF:3
FNH:1
FNDA:3,(anonymous_0)
FNDA:0,(anonymous_1)
FNDA:0,(anonymous_2)
DA:6,3
DA:28,3
DA:30,3
DA:32,3
DA:33,0
DA:34,0
DA:39,3
LF:7
LH:5
BRF:0
BRH:0
end_of_record
TN:
SF:src\index.js
FNF:0
FNH:0
DA:7,0
DA:8,0
LF:2
LH:0
BRF:0
BRH:0
end_of_record
TN:
SF:src\components\Expenses\ExpenseDate.js
FN:5,(anonymous_0)
FNF:1
FNH:1
FNDA:3,(anonymous_0)
DA:5,3
DA:6,3
DA:7,3
DA:8,3
DA:10,3
LF:5
LH:5
BRF:0
BRH:0
end_of_record
TN:
SF:src\components\Expenses\ExpenseItem.js
FN:7,(anonymous_0)
FN:11,(anonymous_1)
FNF:2
FNH:1
FNDA:3,(anonymous_0)
FNDA:0,(anonymous_1)
DA:7,3
DA:9,3
DA:11,3
DA:12,0
DA:13,0
DA:16,3
LF:6
LH:4
BRF:0
BRH:0
end_of_record
TN:
SF:src\components\Expenses\Expenses.js
FN:8,(anonymous_0)
FN:11,(anonymous_1)
FN:15,(anonymous_2)
FN:27,(anonymous_3)
FNF:4
FNH:3
FNDA:3,(anonymous_0)
FNDA:0,(anonymous_1)
FNDA:12,(anonymous_2)
FNDA:3,(anonymous_3)
DA:8,3
DA:9,3
DA:11,3
DA:12,0
DA:15,3
DA:16,12
DA:19,3
DA:29,3
LF:8
LH:7
BRF:0
BRH:0
end_of_record
TN:
SF:src\components\Expenses\ExpensesFilter.js
FN:5,(anonymous_0)
FN:6,(anonymous_1)
FNF:2
FNH:1
FNDA:3,(anonymous_0)
FNDA:0,(anonymous_1)
DA:5,3
DA:6,3
DA:7,0
DA:10,3
LF:4
LH:3
BRF:0
BRH:0
end_of_record
TN:
SF:src\components\NewExpense\ExpenseForm.js
FN:5,(anonymous_0)
FN:15,(anonymous_1)
FN:26,(anonymous_2)
FN:34,(anonymous_3)
FN:42,(anonymous_4)
FNF:5
FNH:1
FNDA:3,(anonymous_0)
FNDA:0,(anonymous_1)
FNDA:0,(anonymous_2)
FNDA:0,(anonymous_3)
FNDA:0,(anonymous_4)
DA:5,3
DA:6,3
DA:7,3
DA:8,3
DA:15,3
DA:16,0
DA:26,3
DA:27,0
DA:34,3
DA:35,0
DA:42,3
DA:43,0
DA:45,0
DA:51,0
DA:52,0
DA:53,0
DA:54,0
DA:57,3
LF:18
LH:9
BRF:0
BRH:0
end_of_record
TN:
SF:src\components\NewExpense\NewExpense.js
FN:6,(anonymous_0)
FN:7,(anonymous_1)
FNF:2
FNH:1
FNDA:3,(anonymous_0)
FNDA:0,(anonymous_1)
DA:6,3
DA:7,3
DA:8,0
DA:12,0
DA:13,0
DA:16,3
LF:6
LH:3
BRF:0
BRH:0
end_of_record
TN:
SF:src\components\UI\Card.js
FN:5,(anonymous_0)
FNF:1
FNH:1
FNDA:6,(anonymous_0)
DA:5,3
DA:6,6
DA:8,6
LF:3
LH:3
BRF:0
BRH:0
end_of_record
